c:\users\sbagchi\onedrive - nist\documents\github\crpi\debug\hriinterface.lib
c:\users\sbagchi\onedrive - nist\documents\github\crpi\debug\hriinterface.exp
c:\users\sbagchi\onedrive - nist\documents\github\crpi\debug\hriinterface.ilk
c:\users\sbagchi\onedrive - nist\documents\github\crpi\debug\geneticalgorithm.obj
c:\users\sbagchi\onedrive - nist\documents\github\crpi\debug\hitlassembly.obj
c:\users\sbagchi\onedrive - nist\documents\github\crpi\debug\hriinterface.obj
c:\users\sbagchi\onedrive - nist\documents\github\crpi\debug\hriinterface_backup.obj
c:\users\sbagchi\onedrive - nist\documents\github\crpi\debug\multi_robot.obj
c:\users\sbagchi\onedrive - nist\documents\github\crpi\debug\simulatorinterface.obj
c:\users\sbagchi\onedrive - nist\documents\github\crpi\debug\geneticalgorithm.exp
c:\users\sbagchi\onedrive - nist\documents\github\crpi\debug\library_crpi.exp
c:\users\sbagchi\onedrive - nist\documents\github\crpi\debug\math.exp
c:\users\sbagchi\onedrive - nist\documents\github\crpi\debug\serial.exp
c:\users\sbagchi\onedrive - nist\documents\github\crpi\debug\assemblycoordinated.pdb
c:\users\sbagchi\onedrive - nist\documents\github\crpi\debug\geneticalgorithm.pdb
c:\users\sbagchi\onedrive - nist\documents\github\crpi\debug\hriinterface.pdb
c:\users\sbagchi\onedrive - nist\documents\github\crpi\debug\multi_robot.pdb
c:\users\sbagchi\onedrive - nist\documents\github\crpi\debug\vc143.pdb
c:\users\sbagchi\onedrive - nist\documents\github\crpi\debug\assemblycoordinated.bsc
c:\users\sbagchi\onedrive - nist\documents\github\crpi\debug\multi_robot.bsc
c:\users\sbagchi\onedrive - nist\documents\github\crpi\debug\applicat.e6b5fa5c.tlog\cl.command.1.tlog
c:\users\sbagchi\onedrive - nist\documents\github\crpi\debug\applicat.e6b5fa5c.tlog\link.command.1.tlog
c:\users\sbagchi\onedrive - nist\documents\github\crpi\debug\applicat.e6b5fa5c.tlog\link.secondary.1.tlog
c:\users\sbagchi\onedrive - nist\documents\github\crpi\debug\applicat.e6b5fa5c.tlog\..\..\debug\hriinterface.pdb
c:\users\sbagchi\onedrive - nist\documents\github\crpi\debug\applicat.e6b5fa5c.tlog\..\..\debug\hriinterface.ilk
c:\users\sbagchi\onedrive - nist\documents\github\crpi\debug\applicat.e6b5fa5c.tlog\..\..\debug\hriinterface.vcxproj.filelistabsolute.txt
