c:\users\oya\desktop\tortoisesvn\applications\application_transporterrobot_cart\debug\application_transporterrobot_cart.lib
c:\users\oya\desktop\tortoisesvn\applications\application_transporterrobot_cart\debug\application_transporterrobot_cart.exp
c:\users\oya\desktop\tortoisesvn\applications\application_transporterrobot_cart\application_transporterrobot_cart\debug\vc141.pdb
c:\users\oya\desktop\tortoisesvn\applications\application_transporterrobot_cart\application_transporterrobot_cart\debug\vc141.idb
c:\users\oya\desktop\tortoisesvn\applications\application_transporterrobot_cart\application_transporterrobot_cart\debug\ur5_control.obj
c:\users\oya\desktop\tortoisesvn\applications\application_transporterrobot_cart\application_transporterrobot_cart\debug\transporter_cart.obj
c:\users\oya\desktop\tortoisesvn\applications\application_transporterrobot_cart\application_transporterrobot_cart\debug\tasks.obj
c:\users\oya\desktop\tortoisesvn\applications\application_transporterrobot_cart\application_transporterrobot_cart\debug\posemath.obj
c:\users\oya\desktop\tortoisesvn\applications\application_transporterrobot_cart\application_transporterrobot_cart\debug\cart_status.obj
c:\users\oya\desktop\tortoisesvn\applications\application_transporterrobot_cart\application_transporterrobot_cart\debug\cart_config.obj
c:\users\oya\desktop\tortoisesvn\applications\application_transporterrobot_cart\application_transporterrobot_cart\debug\cart_comm_client.obj
c:\users\oya\desktop\tortoisesvn\applications\application_transporterrobot_cart\application_transporterrobot_cart\debug\_posemath.obj
c:\users\oya\desktop\tortoisesvn\applications\application_transporterrobot_cart\application_transporterrobot_cart\debug\_mathprnt.obj
c:\users\oya\desktop\tortoisesvn\applications\application_transporterrobot_cart\application_transporterrobot_cart\debug\sincos.obj
c:\users\oya\desktop\tortoisesvn\applications\application_transporterrobot_cart\debug\application_transporterrobot_cart.pdb
c:\users\oya\desktop\tortoisesvn\applications\application_transporterrobot_cart\application_transporterrobot_cart\debug\applicat.d2ef3f6f.tlog\application_transporterrobot_cart.write.1u.tlog
c:\users\oya\desktop\tortoisesvn\applications\application_transporterrobot_cart\application_transporterrobot_cart\debug\applicat.d2ef3f6f.tlog\cl.command.1.tlog
c:\users\oya\desktop\tortoisesvn\applications\application_transporterrobot_cart\application_transporterrobot_cart\debug\applicat.d2ef3f6f.tlog\cl.read.1.tlog
c:\users\oya\desktop\tortoisesvn\applications\application_transporterrobot_cart\application_transporterrobot_cart\debug\applicat.d2ef3f6f.tlog\cl.write.1.tlog
c:\users\oya\desktop\tortoisesvn\applications\application_transporterrobot_cart\application_transporterrobot_cart\debug\applicat.d2ef3f6f.tlog\link-cvtres.read.1.tlog
c:\users\oya\desktop\tortoisesvn\applications\application_transporterrobot_cart\application_transporterrobot_cart\debug\applicat.d2ef3f6f.tlog\link-cvtres.write.1.tlog
c:\users\oya\desktop\tortoisesvn\applications\application_transporterrobot_cart\application_transporterrobot_cart\debug\applicat.d2ef3f6f.tlog\link-rc.read.1.tlog
c:\users\oya\desktop\tortoisesvn\applications\application_transporterrobot_cart\application_transporterrobot_cart\debug\applicat.d2ef3f6f.tlog\link-rc.write.1.tlog
c:\users\oya\desktop\tortoisesvn\applications\application_transporterrobot_cart\application_transporterrobot_cart\debug\applicat.d2ef3f6f.tlog\link.10164-cvtres.read.1.tlog
c:\users\oya\desktop\tortoisesvn\applications\application_transporterrobot_cart\application_transporterrobot_cart\debug\applicat.d2ef3f6f.tlog\link.10164-cvtres.write.1.tlog
c:\users\oya\desktop\tortoisesvn\applications\application_transporterrobot_cart\application_transporterrobot_cart\debug\applicat.d2ef3f6f.tlog\link.10164-rc.read.1.tlog
c:\users\oya\desktop\tortoisesvn\applications\application_transporterrobot_cart\application_transporterrobot_cart\debug\applicat.d2ef3f6f.tlog\link.10164-rc.write.1.tlog
c:\users\oya\desktop\tortoisesvn\applications\application_transporterrobot_cart\application_transporterrobot_cart\debug\applicat.d2ef3f6f.tlog\link.10164.read.1.tlog
c:\users\oya\desktop\tortoisesvn\applications\application_transporterrobot_cart\application_transporterrobot_cart\debug\applicat.d2ef3f6f.tlog\link.10164.write.1.tlog
c:\users\oya\desktop\tortoisesvn\applications\application_transporterrobot_cart\application_transporterrobot_cart\debug\applicat.d2ef3f6f.tlog\link.command.1.tlog
c:\users\oya\desktop\tortoisesvn\applications\application_transporterrobot_cart\application_transporterrobot_cart\debug\applicat.d2ef3f6f.tlog\link.read.1.tlog
c:\users\oya\desktop\tortoisesvn\applications\application_transporterrobot_cart\application_transporterrobot_cart\debug\applicat.d2ef3f6f.tlog\link.write.1.tlog
