c:\users\oya\desktop\tortoisesvn\applications\application_transporterrobot_cart\release\application_transporterrobot_cart.lib
c:\users\oya\desktop\tortoisesvn\applications\application_transporterrobot_cart\release\application_transporterrobot_cart.exp
c:\users\oya\desktop\tortoisesvn\applications\application_transporterrobot_cart\release\application_transporterrobot_cart.ipdb
c:\users\oya\desktop\tortoisesvn\applications\application_transporterrobot_cart\release\application_transporterrobot_cart.iobj
c:\users\oya\desktop\tortoisesvn\applications\application_transporterrobot_cart\application_transporterrobot_cart\release\vc141.pdb
c:\users\oya\desktop\tortoisesvn\applications\application_transporterrobot_cart\application_transporterrobot_cart\release\ur5_control.obj
c:\users\oya\desktop\tortoisesvn\applications\application_transporterrobot_cart\application_transporterrobot_cart\release\transporter_cart.obj
c:\users\oya\desktop\tortoisesvn\applications\application_transporterrobot_cart\application_transporterrobot_cart\release\tasks.obj
c:\users\oya\desktop\tortoisesvn\applications\application_transporterrobot_cart\application_transporterrobot_cart\release\posemath.obj
c:\users\oya\desktop\tortoisesvn\applications\application_transporterrobot_cart\application_transporterrobot_cart\release\cart_status.obj
c:\users\oya\desktop\tortoisesvn\applications\application_transporterrobot_cart\application_transporterrobot_cart\release\cart_config.obj
c:\users\oya\desktop\tortoisesvn\applications\application_transporterrobot_cart\application_transporterrobot_cart\release\cart_comm_client.obj
c:\users\oya\desktop\tortoisesvn\applications\application_transporterrobot_cart\application_transporterrobot_cart\release\_posemath.obj
c:\users\oya\desktop\tortoisesvn\applications\application_transporterrobot_cart\application_transporterrobot_cart\release\_mathprnt.obj
c:\users\oya\desktop\tortoisesvn\applications\application_transporterrobot_cart\application_transporterrobot_cart\release\sincos.obj
c:\users\oya\desktop\tortoisesvn\applications\application_transporterrobot_cart\release\application_transporterrobot_cart.exe
c:\users\oya\desktop\tortoisesvn\applications\application_transporterrobot_cart\release\application_transporterrobot_cart.pdb
c:\users\oya\desktop\tortoisesvn\applications\application_transporterrobot_cart\application_transporterrobot_cart\release\applicat.d2ef3f6f.tlog\application_transporterrobot_cart.write.1u.tlog
c:\users\oya\desktop\tortoisesvn\applications\application_transporterrobot_cart\application_transporterrobot_cart\release\applicat.d2ef3f6f.tlog\cl.command.1.tlog
c:\users\oya\desktop\tortoisesvn\applications\application_transporterrobot_cart\application_transporterrobot_cart\release\applicat.d2ef3f6f.tlog\cl.read.1.tlog
c:\users\oya\desktop\tortoisesvn\applications\application_transporterrobot_cart\application_transporterrobot_cart\release\applicat.d2ef3f6f.tlog\cl.write.1.tlog
c:\users\oya\desktop\tortoisesvn\applications\application_transporterrobot_cart\application_transporterrobot_cart\release\applicat.d2ef3f6f.tlog\link.command.1.tlog
c:\users\oya\desktop\tortoisesvn\applications\application_transporterrobot_cart\application_transporterrobot_cart\release\applicat.d2ef3f6f.tlog\link.read.1.tlog
c:\users\oya\desktop\tortoisesvn\applications\application_transporterrobot_cart\application_transporterrobot_cart\release\applicat.d2ef3f6f.tlog\link.write.1.tlog
