C:\USERS\KNV\KARL_DEV\SDH_JOINT_CONTROL\DEBUG\CHEETAH.OBJ
C:\Users\knv\Karl_Dev\SDH_Joint_Control\Debug\cl.command.1.tlog
C:\Users\knv\Karl_Dev\SDH_Joint_Control\Debug\CL.read.1.tlog
C:\Users\knv\Karl_Dev\SDH_Joint_Control\Debug\CL.write.1.tlog
C:\USERS\KNV\KARL_DEV\SDH_JOINT_CONTROL\DEBUG\DSABOOST.OBJ
C:\USERS\KNV\KARL_DEV\SDH_JOINT_CONTROL\DEBUG\GETOPT.OBJ
C:\USERS\KNV\KARL_DEV\SDH_JOINT_CONTROL\DEBUG\GETOPT1.OBJ
C:\Users\knv\Karl_Dev\SDH_Joint_Control\Debug\link.command.1.tlog
C:\Users\knv\Karl_Dev\SDH_Joint_Control\Debug\link.read.1.tlog
C:\Users\knv\Karl_Dev\SDH_Joint_Control\Debug\link.write.1.tlog
C:\Users\knv\Karl_Dev\SDH_Joint_Control\Debug\mt.command.1.tlog
C:\Users\knv\Karl_Dev\SDH_Joint_Control\Debug\mt.read.1.tlog
C:\Users\knv\Karl_Dev\SDH_Joint_Control\Debug\mt.write.1.tlog
C:\USERS\KNV\KARL_DEV\SDH_JOINT_CONTROL\DEBUG\SDH_JOINT_CONTROL.EXE
C:\USERS\KNV\KARL_DEV\SDH_JOINT_CONTROL\DEBUG\SDH_JOINT_CONTROL.EXE.INTERMEDIATE.MANIFEST
C:\USERS\KNV\KARL_DEV\SDH_JOINT_CONTROL\DEBUG\SDH_JOINT_CONTROL.OBJ
C:\USERS\KNV\KARL_DEV\SDH_JOINT_CONTROL\DEBUG\SDH_JOINT_CONTROL.PDB
C:\Users\knv\Karl_Dev\SDH_Joint_Control\Debug\SDH_Joint_Control.vcxprojResolveAssemblyReference.cache
C:\Users\knv\Karl_Dev\SDH_Joint_Control\Debug\SDH_Joint_Control.write.1.tlog
C:\USERS\KNV\KARL_DEV\SDH_JOINT_CONTROL\DEBUG\SDHOPTIONS.OBJ
C:\Users\knv\Karl_Dev\SDH_Joint_Control\Debug\vc100.idb
C:\USERS\KNV\KARL_DEV\SDH_JOINT_CONTROL\DEBUG\VC100.PDB
