  LighthouseTracking.cpp
C:\Users\sbagchi\OneDrive - NIST\Documents\GitHub\CRPI\Applications\Demo_ViveControl\LighthouseTracking.h(6,10): error C1083: Cannot open include file: 'openvr.h': No such file or directory
  (compiling source file 'LighthouseTracking.cpp')
  
  RobotCalibration.cpp
C:\Users\sbagchi\OneDrive - NIST\Documents\GitHub\CRPI\Libraries\Math\MatrixMath.h(215,19): warning C4267: '=': conversion from 'size_t' to 'int', possible loss of data
  (compiling source file 'RobotCalibration.cpp')
  
C:\Users\sbagchi\OneDrive - NIST\Documents\GitHub\CRPI\Libraries\Math\MatrixMath.h(332,25): warning C4267: 'argument': conversion from 'size_t' to 'int', possible loss of data
  (compiling source file 'RobotCalibration.cpp')
  
C:\Users\sbagchi\OneDrive - NIST\Documents\GitHub\CRPI\Libraries\CRPI\crpi.h(472,21): warning C4267: '=': conversion from 'size_t' to 'int', possible loss of data
  (compiling source file 'RobotCalibration.cpp')
  
C:\Users\sbagchi\OneDrive - NIST\Documents\GitHub\CRPI\Applications\Demo_ViveControl\RobotCalibration.cpp(28,10): error C1083: Cannot open include file: 'CoordFrameReg.h': No such file or directory
  lodepng.cpp
C:\Users\sbagchi\OneDrive - NIST\Documents\GitHub\CRPI\Applications\Demo_ViveControl\Shared\lodepng.cpp(794,53): warning C4267: 'argument': conversion from 'size_t' to 'unsigned int', possible loss of data
C:\Users\sbagchi\OneDrive - NIST\Documents\GitHub\CRPI\Applications\Demo_ViveControl\Shared\lodepng.cpp(806,38): warning C4267: '=': conversion from 'size_t' to 'unsigned int', possible loss of data
C:\Users\sbagchi\OneDrive - NIST\Documents\GitHub\CRPI\Applications\Demo_ViveControl\Shared\lodepng.cpp(824,70): warning C4267: 'argument': conversion from 'size_t' to 'unsigned int', possible loss of data
C:\Users\sbagchi\OneDrive - NIST\Documents\GitHub\CRPI\Applications\Demo_ViveControl\Shared\lodepng.cpp(1432,25): warning C4267: '=': conversion from 'size_t' to 'int', possible loss of data
C:\Users\sbagchi\OneDrive - NIST\Documents\GitHub\CRPI\Applications\Demo_ViveControl\Shared\lodepng.cpp(1436,27): warning C4267: '=': conversion from 'size_t' to 'int', possible loss of data
C:\Users\sbagchi\OneDrive - NIST\Documents\GitHub\CRPI\Applications\Demo_ViveControl\Shared\lodepng.cpp(1508,40): warning C4267: '=': conversion from 'size_t' to 'unsigned int', possible loss of data
C:\Users\sbagchi\OneDrive - NIST\Documents\GitHub\CRPI\Applications\Demo_ViveControl\Shared\lodepng.cpp(3426,25): warning C4334: '<<': result of 32-bit shift implicitly converted to 64 bits (was 64-bit shift intended?)
C:\Users\sbagchi\OneDrive - NIST\Documents\GitHub\CRPI\Applications\Demo_ViveControl\Shared\lodepng.cpp(3432,53): warning C4267: 'argument': conversion from 'size_t' to 'unsigned int', possible loss of data
C:\Users\sbagchi\OneDrive - NIST\Documents\GitHub\CRPI\Applications\Demo_ViveControl\Shared\lodepng.cpp(4225,42): warning C4267: '=': conversion from 'size_t' to 'unsigned int', possible loss of data
C:\Users\sbagchi\OneDrive - NIST\Documents\GitHub\CRPI\Applications\Demo_ViveControl\Shared\lodepng.cpp(4273,26): warning C4267: '=': conversion from 'size_t' to 'unsigned int', possible loss of data
C:\Users\sbagchi\OneDrive - NIST\Documents\GitHub\CRPI\Applications\Demo_ViveControl\Shared\lodepng.cpp(4353,34): warning C4267: '=': conversion from 'size_t' to 'unsigned int', possible loss of data
C:\Users\sbagchi\OneDrive - NIST\Documents\GitHub\CRPI\Applications\Demo_ViveControl\Shared\lodepng.cpp(5274,27): warning C4267: 'initializing': conversion from 'size_t' to 'unsigned int', possible loss of data
  Matrices.cpp
  stdincludes.cpp
  ViveControl.cpp
C:\Users\sbagchi\OneDrive - NIST\Documents\GitHub\CRPI\Libraries\Math\MatrixMath.h(215,19): warning C4267: '=': conversion from 'size_t' to 'int', possible loss of data
  (compiling source file 'ViveControl.cpp')
  
C:\Users\sbagchi\OneDrive - NIST\Documents\GitHub\CRPI\Libraries\Math\MatrixMath.h(332,25): warning C4267: 'argument': conversion from 'size_t' to 'int', possible loss of data
  (compiling source file 'ViveControl.cpp')
  
C:\Users\sbagchi\OneDrive - NIST\Documents\GitHub\CRPI\Libraries\CRPI\crpi.h(472,21): warning C4267: '=': conversion from 'size_t' to 'int', possible loss of data
  (compiling source file 'ViveControl.cpp')
  
C:\Users\sbagchi\OneDrive - NIST\Documents\GitHub\CRPI\Applications\Demo_ViveControl\ViveControl.cpp(34,10): error C1083: Cannot open include file: 'Vicon.h': No such file or directory
  Generating Code...
